2025-03-04 16:03:51,490 - EventBot - INFO - 事件将保存到: D:\MyVault\thinking\Events
2025-03-04 16:04:37,094 - EventBot - INFO - 正在调用模型 (第1次尝试)...
2025-03-04 16:05:38,250 - EventBot - ERROR - API调用失败: HTTPSConnectionPool(host='api.siliconflow.cn', port=443): Read timed out. (read timeout=60)
2025-03-04 16:05:38,251 - EventBot - INFO - 等待 1 秒后重试...
2025-03-04 16:05:39,252 - EventBot - INFO - 正在调用模型 (第2次尝试)...
2025-03-04 16:07:15,023 - EventBot - INFO - 调用成功，使用了约 0 tokens
2025-03-04 16:07:16,026 - EventBot - INFO - 正在调用模型 (第1次尝试)...
2025-03-04 16:08:16,412 - EventBot - ERROR - API调用失败: HTTPSConnectionPool(host='api.siliconflow.cn', port=443): Read timed out. (read timeout=60)
2025-03-04 16:08:16,416 - EventBot - INFO - 等待 1 秒后重试...
2025-03-04 16:08:17,417 - EventBot - INFO - 正在调用模型 (第2次尝试)...
2025-03-04 16:09:36,388 - EventBot - INFO - 调用成功，使用了约 0 tokens
2025-03-04 16:09:37,391 - EventBot - INFO - 正在调用模型 (第1次尝试)...
2025-03-04 16:11:31,962 - EventBot - INFO - 调用成功，使用了约 0 tokens
2025-03-04 16:11:32,963 - EventBot - INFO - 正在调用模型 (第1次尝试)...
2025-03-04 16:12:33,497 - EventBot - ERROR - API调用失败: HTTPSConnectionPool(host='api.siliconflow.cn', port=443): Read timed out. (read timeout=60)
2025-03-04 16:12:33,498 - EventBot - INFO - 等待 1 秒后重试...
2025-03-04 16:12:34,500 - EventBot - INFO - 正在调用模型 (第2次尝试)...
2025-03-04 16:14:18,398 - EventBot - INFO - 调用成功，使用了约 0 tokens
2025-03-04 16:14:19,399 - EventBot - INFO - 正在调用模型 (第1次尝试)...
2025-03-04 16:18:33,595 - EventBot - INFO - 调用成功，使用了约 0 tokens
2025-03-04 16:18:34,599 - EventBot - INFO - 正在调用模型 (第1次尝试)...
2025-03-04 16:21:38,858 - EventBot - INFO - 调用成功，使用了约 0 tokens
2025-03-04 16:21:39,860 - EventBot - INFO - 正在调用模型 (第1次尝试)...
2025-03-04 16:22:41,362 - EventBot - ERROR - API调用失败: HTTPSConnectionPool(host='api.siliconflow.cn', port=443): Read timed out. (read timeout=60)
2025-03-04 16:22:41,363 - EventBot - INFO - 等待 1 秒后重试...
2025-03-04 16:22:42,364 - EventBot - INFO - 正在调用模型 (第2次尝试)...
2025-03-04 16:25:05,430 - EventBot - INFO - 调用成功，使用了约 0 tokens
2025-03-04 16:25:06,432 - EventBot - INFO - 正在调用模型 (第1次尝试)...
2025-03-04 16:26:06,892 - EventBot - ERROR - API调用失败: HTTPSConnectionPool(host='api.siliconflow.cn', port=443): Read timed out. (read timeout=60)
2025-03-04 16:26:06,894 - EventBot - INFO - 等待 1 秒后重试...
2025-03-04 16:26:07,895 - EventBot - INFO - 正在调用模型 (第2次尝试)...
2025-03-04 16:28:05,245 - EventBot - INFO - 调用成功，使用了约 0 tokens
2025-03-04 16:28:05,251 - EventBot - INFO - 已保存到: D:\MyVault\thinking\Events\政治局会议纪要_20250304162805.md
2025-03-04 16:34:11,290 - EventBot - INFO - 事件将保存到: D:\MyVault\thinking\Events
2025-03-04 16:35:08,542 - EventBot - INFO - 正在生成 '抗日战争' 在 1940-1943 年间的内容...
2025-03-04 16:35:08,542 - EventBot - INFO - 正在调用模型 (第1次尝试)...
2025-03-04 16:36:13,200 - EventBot - INFO - 调用成功，使用了约 0 tokens
2025-03-04 16:36:13,202 - EventBot - INFO - 已保存到: D:\MyVault\thinking\Events\抗日战争_1940-1943_20250304163613.md
2025-03-04 16:36:14,203 - EventBot - INFO - 正在生成 '抗日战争' 在 1944-1947 年间的内容...
2025-03-04 16:36:14,203 - EventBot - INFO - 正在调用模型 (第1次尝试)...
2025-03-04 16:38:20,802 - EventBot - INFO - 调用成功，使用了约 0 tokens
2025-03-04 16:38:20,805 - EventBot - INFO - 已保存到: D:\MyVault\thinking\Events\抗日战争_1944-1947_20250304163820.md
2025-03-04 16:38:21,807 - EventBot - INFO - 正在生成 '抗日战争' 在 1948-1949 年间的内容...
2025-03-04 16:38:21,808 - EventBot - INFO - 正在调用模型 (第1次尝试)...
2025-03-04 16:39:39,150 - EventBot - INFO - 调用成功，使用了约 0 tokens
2025-03-04 16:39:39,152 - EventBot - INFO - 已保存到: D:\MyVault\thinking\Events\抗日战争_1948-1949_20250304163939.md
2025-03-04 16:43:26,972 - EventBot - WARNING - 无法解析时间范围: 退出，将作为整体处理
2025-03-04 16:43:26,972 - EventBot - INFO - 正在生成 '我希望脚本实现的效果是：退出' 在 退出-退出 年间的内容...
2025-03-04 16:43:26,973 - EventBot - INFO - 正在调用模型 (第1次尝试)...
